2.8594 	ERROR 	avbin.dll failed to load. Try importing psychopy.visual
  as the first library (before anything that uses scipy)
  and make sure that avbin is installed.
8.0868 	WARNING 	User requested fullscreen with size [1463  823], but screen is actually [2560, 1440]. Using actual size
9.4427 	EXP 	Created window1 = Window(allowGUI=False, allowStencil=False, autoLog=True, bitsMode=UNKNOWN, blendMode='avg', color=array([ 1.,  1.,  1.]), colorSpace='rgb', fullscr=UNKNOWN, gamma=None, lms=UNKNOWN, monitor=<psychopy.monitors.calibTools.Monitor object at 0x1A45EE70>, multiSample=False, name='window1', numSamples=2, pos=[0, 0], screen=0, size=array([2560, 1440]), stereo=False, units='height', useFBO=True, useRetina=True, viewOri=0.0, viewPos=None, viewScale=None, waitBlanking=True, winType='pyglet')
9.4427 	EXP 	window1: recordFrameIntervals = False
9.6280 	EXP 	window1: recordFrameIntervals = True
9.8184 	EXP 	window1: recordFrameIntervals = False
10.1152 	EXP 	Created Instr1Text = TextStim(alignHoriz='center', alignVert='center', antialias=True, autoLog=True, bold=False, color='black', colorSpace='named', contrast=1.0, depth=0.0, flipHoriz=False, flipVert=False, font='Arial', fontFiles=[], height=0.025, italic=False, name='Instr1Text', opacity=1.0, ori=0, pos=array([ 0.,  0.]), rgb=array([ 0.,  0.,  0.]), text=unicode(...), units='height', win=Window(...), wrapWidth=1)
10.1269 	EXP 	Created Instr2Text = TextStim(alignHoriz='center', alignVert='center', antialias=True, autoLog=True, bold=False, color='black', colorSpace='named', contrast=1.0, depth=0.0, flipHoriz=False, flipVert=False, font='Arial', fontFiles=[], height=0.025, italic=False, name='Instr2Text', opacity=1.0, ori=0, pos=array([ 0.,  0.]), rgb=array([ 0.,  0.,  0.]), text=u'default text', units='height', win=Window(...), wrapWidth=1)
10.1775 	EXP 	Created Instr3Text = TextStim(alignHoriz='center', alignVert='center', antialias=True, autoLog=True, bold=False, color='black', colorSpace='named', contrast=1.0, depth=0.0, flipHoriz=False, flipVert=False, font='Arial', fontFiles=[], height=0.025, italic=False, name='Instr3Text', opacity=1.0, ori=0, pos=array([ 0.,  0.]), rgb=array([ 0.,  0.,  0.]), text=unicode(...), units='height', win=Window(...), wrapWidth=1)
10.1895 	EXP 	Created Fixation = TextStim(alignHoriz='center', alignVert='center', antialias=True, autoLog=True, bold=False, color='black', colorSpace='named', contrast=1.0, depth=0.0, flipHoriz=False, flipVert=False, font='Arial', fontFiles=[], height=0.1, italic=False, name='Fixation', opacity=1.0, ori=0, pos=array([ 0.,  0.]), rgb=array([ 0.,  0.,  0.]), text=u'+', units='height', win=Window(...), wrapWidth=1)
10.1922 	EXP 	Created stim = ImageStim(autoLog=True, color=array([ 1.,  1.,  1.]), colorSpace='rgb', contrast=1.0, depth=-1.0, flipHoriz=False, flipVert=False, image='sin', interpolate=True, mask=None, maskParams=None, name='stim', opacity=1.0, ori=0.0, pos=array([ 0.,  0.]), size=array([ 0.2,  0.2]), texRes=128, units='height', win=Window(...))
10.2041 	EXP 	Created answerprompt = TextStim(alignHoriz='center', alignVert='center', antialias=True, autoLog=True, bold=False, color='black', colorSpace='named', contrast=1.0, depth=-2.0, flipHoriz=False, flipVert=False, font='Arial', fontFiles=[], height=0.025, italic=False, name='answerprompt', opacity=1.0, ori=0, pos=array([ 0. ,  0.4]), rgb=array([ 0.,  0.,  0.]), text=u'default text', units='height', win=Window(...), wrapWidth=1)
10.3744 	EXP 	Created text = TextStim(alignHoriz='center', alignVert='center', antialias=True, autoLog=True, bold=False, color='black', colorSpace='named', contrast=1.0, depth=0.0, flipHoriz=False, flipVert=False, font='Arial', fontFiles=[], height=0.025, italic=False, name='text', opacity=1.0, ori=0, pos=array([ 0.,  0.]), rgb=array([ 0.,  0.,  0.]), text=unicode(...), units='height', win=Window(...), wrapWidth=1)
10.4263 	EXP 	Created Instr3Text = TextStim(alignHoriz='center', alignVert='center', antialias=True, autoLog=True, bold=False, color='black', colorSpace='named', contrast=1.0, depth=0.0, flipHoriz=False, flipVert=False, font='Arial', fontFiles=[], height=0.025, italic=False, name='Instr3Text', opacity=1.0, ori=0, pos=array([ 0.,  0.]), rgb=array([ 0.,  0.,  0.]), text=unicode(...), units='height', win=Window(...), wrapWidth=1)
10.4297 	EXP 	Created Fixation = TextStim(alignHoriz='center', alignVert='center', antialias=True, autoLog=True, bold=False, color='black', colorSpace='named', contrast=1.0, depth=0.0, flipHoriz=False, flipVert=False, font='Arial', fontFiles=[], height=0.1, italic=False, name='Fixation', opacity=1.0, ori=0, pos=array([ 0.,  0.]), rgb=array([ 0.,  0.,  0.]), text=u'+', units='height', win=Window(...), wrapWidth=1)
10.4318 	EXP 	Created stim = ImageStim(autoLog=True, color=array([ 1.,  1.,  1.]), colorSpace='rgb', contrast=1.0, depth=-1.0, flipHoriz=False, flipVert=False, image='sin', interpolate=True, mask=None, maskParams=None, name='stim', opacity=1.0, ori=0.0, pos=array([ 0.,  0.]), size=array([ 0.2,  0.2]), texRes=128, units='height', win=Window(...))
10.4434 	EXP 	Created answerprompt = TextStim(alignHoriz='center', alignVert='center', antialias=True, autoLog=True, bold=False, color='black', colorSpace='named', contrast=1.0, depth=-2.0, flipHoriz=False, flipVert=False, font='Arial', fontFiles=[], height=0.025, italic=False, name='answerprompt', opacity=1.0, ori=0, pos=array([ 0. ,  0.4]), rgb=array([ 0.,  0.,  0.]), text=u'default text', units='height', win=Window(...), wrapWidth=1)
10.4758 	EXP 	Created practiceinstr = TextStim(alignHoriz='center', alignVert='center', antialias=True, autoLog=True, bold=False, color='black', colorSpace='named', contrast=1.0, depth=0.0, flipHoriz=False, flipVert=False, font='Arial', fontFiles=[], height=0.025, italic=False, name='practiceinstr', opacity=1.0, ori=0, pos=array([ 0.,  0.]), rgb=array([ 0.,  0.,  0.]), text=u"Let's Practice!\n\nPress Space to Continue", units='height', win=Window(...), wrapWidth=1)
10.4791 	EXP 	Created Fixation2 = TextStim(alignHoriz='center', alignVert='center', antialias=True, autoLog=True, bold=False, color='black', colorSpace='named', contrast=1.0, depth=0.0, flipHoriz=False, flipVert=False, font='Arial', fontFiles=[], height=0.1, italic=False, name='Fixation2', opacity=1.0, ori=0, pos=array([ 0.,  0.]), rgb=array([ 0.,  0.,  0.]), text=u'+', units='height', win=Window(...), wrapWidth=1)
10.4808 	EXP 	Created stimulus = ImageStim(autoLog=True, color=array([ 1.,  1.,  1.]), colorSpace='rgb', contrast=1.0, depth=-1.0, flipHoriz=False, flipVert=False, image='sin', interpolate=True, mask=None, maskParams=None, name='stimulus', opacity=1.0, ori=0.0, pos=array([ 0.,  0.]), size=array([ 0.2,  0.2]), texRes=128, units='height', win=Window(...))
10.4919 	EXP 	Created feedbacktext = TextStim(alignHoriz='center', alignVert='center', antialias=True, autoLog=True, bold=False, color='black', colorSpace='named', contrast=1.0, depth=0.0, flipHoriz=False, flipVert=False, font='Arial', fontFiles=[], height=0.025, italic=False, name='feedbacktext', opacity=1.0, ori=0, pos=array([ 0.,  0.]), rgb=array([ 0.,  0.,  0.]), text=u'default text', units='height', win=Window(...), wrapWidth=1)
10.7189 	EXP 	Created text_2 = TextStim(alignHoriz='center', alignVert='center', antialias=True, autoLog=True, bold=False, color='black', colorSpace='named', contrast=1.0, depth=0.0, flipHoriz=False, flipVert=False, font='Arial', fontFiles=[], height=0.025, italic=False, name='text_2', opacity=1.0, ori=0, pos=array([ 0.,  0.]), rgb=array([ 0.,  0.,  0.]), text=unicode(...), units='height', win=Window(...), wrapWidth=1)
10.7358 	EXP 	Created text_4 = TextStim(alignHoriz='center', alignVert='center', antialias=True, autoLog=True, bold=False, color='black', colorSpace='named', contrast=1.0, depth=0.0, flipHoriz=False, flipVert=False, font='Arial', fontFiles=[], height=0.025, italic=False, name='text_4', opacity=1.0, ori=0, pos=array([ 0.,  0.]), rgb=array([ 0.,  0.,  0.]), text=u'default text', units='height', win=Window(...), wrapWidth=1)
10.7643 	EXP 	Created text_3 = TextStim(alignHoriz='center', alignVert='center', antialias=True, autoLog=True, bold=False, color='black', colorSpace='named', contrast=1.0, depth=0.0, flipHoriz=False, flipVert=False, font='Arial', fontFiles=[], height=0.025, italic=False, name='text_3', opacity=1.0, ori=0, pos=array([ 0.,  0.]), rgb=array([ 0.,  0.,  0.]), text=u'Get Ready!', units='height', win=Window(...), wrapWidth=1)
10.7681 	EXP 	Created Fixation2 = TextStim(alignHoriz='center', alignVert='center', antialias=True, autoLog=True, bold=False, color='black', colorSpace='named', contrast=1.0, depth=0.0, flipHoriz=False, flipVert=False, font='Arial', fontFiles=[], height=0.1, italic=False, name='Fixation2', opacity=1.0, ori=0, pos=array([ 0.,  0.]), rgb=array([ 0.,  0.,  0.]), text=u'+', units='height', win=Window(...), wrapWidth=1)
10.7702 	EXP 	Created stimulus = ImageStim(autoLog=True, color=array([ 1.,  1.,  1.]), colorSpace='rgb', contrast=1.0, depth=-1.0, flipHoriz=False, flipVert=False, image='sin', interpolate=True, mask=None, maskParams=None, name='stimulus', opacity=1.0, ori=0.0, pos=array([ 0.,  0.]), size=array([ 0.2,  0.2]), texRes=128, units='height', win=Window(...))
10.7813 	EXP 	Created text_5 = TextStim(alignHoriz='center', alignVert='center', antialias=True, autoLog=True, bold=False, color='black', colorSpace='named', contrast=1.0, depth=0.0, flipHoriz=False, flipVert=False, font='Arial', fontFiles=[], height=0.025, italic=False, name='text_5', opacity=1.0, ori=0, pos=array([ 0.,  0.]), rgb=array([ 0.,  0.,  0.]), text=u'default text', units='height', win=Window(...), wrapWidth=1)
10.7825 	EXP 	window1: blendMode = 'avg'
10.7948 	EXP 	Instr1Text: autoDraw = True
10.7952 	EXP 	window1: blendMode = 'avg'
10.8227 	EXP 	window1: blendMode = 'avg'
10.8424 	EXP 	window1: blendMode = 'avg'
10.8591 	EXP 	window1: blendMode = 'avg'
10.8760 	EXP 	window1: blendMode = 'avg'
10.8925 	EXP 	window1: blendMode = 'avg'
10.9100 	EXP 	window1: blendMode = 'avg'
10.9265 	EXP 	window1: blendMode = 'avg'
10.9428 	EXP 	window1: blendMode = 'avg'
10.9594 	EXP 	window1: blendMode = 'avg'
10.9762 	EXP 	window1: blendMode = 'avg'
10.9930 	EXP 	window1: blendMode = 'avg'
11.0096 	EXP 	window1: blendMode = 'avg'
11.0264 	EXP 	window1: blendMode = 'avg'
11.0427 	EXP 	window1: blendMode = 'avg'
11.0593 	EXP 	window1: blendMode = 'avg'
11.0767 	EXP 	window1: blendMode = 'avg'
11.0926 	EXP 	window1: blendMode = 'avg'
11.1096 	EXP 	window1: blendMode = 'avg'
11.1260 	EXP 	window1: blendMode = 'avg'
11.1423 	EXP 	window1: blendMode = 'avg'
11.1590 	EXP 	window1: blendMode = 'avg'
11.1758 	EXP 	window1: blendMode = 'avg'
11.1924 	EXP 	window1: blendMode = 'avg'
11.2094 	EXP 	window1: blendMode = 'avg'
11.2259 	EXP 	window1: blendMode = 'avg'
11.2430 	EXP 	window1: blendMode = 'avg'
11.2595 	EXP 	window1: blendMode = 'avg'
11.2759 	EXP 	window1: blendMode = 'avg'
11.2924 	EXP 	window1: blendMode = 'avg'
11.3099 	EXP 	window1: blendMode = 'avg'
11.3264 	EXP 	window1: blendMode = 'avg'
11.3427 	EXP 	window1: blendMode = 'avg'
11.3590 	EXP 	window1: blendMode = 'avg'
11.3759 	EXP 	window1: blendMode = 'avg'
11.3924 	EXP 	window1: blendMode = 'avg'
11.4094 	EXP 	window1: blendMode = 'avg'
11.4259 	EXP 	window1: blendMode = 'avg'
11.4422 	EXP 	window1: blendMode = 'avg'
11.4590 	EXP 	window1: blendMode = 'avg'
11.4759 	EXP 	window1: blendMode = 'avg'
11.4929 	EXP 	window1: blendMode = 'avg'
11.5104 	EXP 	window1: blendMode = 'avg'
11.5272 	EXP 	window1: blendMode = 'avg'
11.5438 	EXP 	window1: blendMode = 'avg'
11.5605 	EXP 	window1: blendMode = 'avg'
11.5768 	EXP 	window1: blendMode = 'avg'
11.5929 	EXP 	window1: blendMode = 'avg'
11.6098 	DATA 	Keypress: space
11.7988 	EXP 	window1: blendMode = 'avg'
11.8112 	EXP 	Instr1Text: autoDraw = False
11.8112 	EXP 	Instr1Text: autoDraw = False
11.8112 	EXP 	Instr2Text: text = 'When the image of a heart is shown you will press the key that is on the SAME side of the screen that the heart is shown on. \n\nFor example, a correct response would be pressing the "1" key when the heart is on the left side of the screen\n\nPress space to continue.'
11.8112 	EXP 	Instr2Text: autoDraw = True
11.8120 	EXP 	window1: blendMode = 'avg'
11.8272 	EXP 	window1: blendMode = 'avg'
11.8431 	EXP 	window1: blendMode = 'avg'
11.8591 	EXP 	window1: blendMode = 'avg'
11.8757 	EXP 	window1: blendMode = 'avg'
11.8925 	EXP 	window1: blendMode = 'avg'
11.9095 	EXP 	window1: blendMode = 'avg'
11.9260 	EXP 	window1: blendMode = 'avg'
11.9426 	EXP 	window1: blendMode = 'avg'
11.9587 	EXP 	window1: blendMode = 'avg'
11.9753 	EXP 	window1: blendMode = 'avg'
11.9922 	EXP 	window1: blendMode = 'avg'
12.0091 	EXP 	window1: blendMode = 'avg'
12.0258 	EXP 	window1: blendMode = 'avg'
12.0426 	EXP 	window1: blendMode = 'avg'
12.0590 	EXP 	window1: blendMode = 'avg'
12.0757 	EXP 	window1: blendMode = 'avg'
12.0922 	EXP 	window1: blendMode = 'avg'
12.1094 	EXP 	window1: blendMode = 'avg'
12.1258 	EXP 	window1: blendMode = 'avg'
12.1422 	EXP 	window1: blendMode = 'avg'
12.1589 	EXP 	window1: blendMode = 'avg'
12.1758 	EXP 	window1: blendMode = 'avg'
12.1922 	DATA 	Keypress: space
12.1932 	EXP 	window1: blendMode = 'avg'
12.2093 	EXP 	Instr2Text: autoDraw = False
12.2093 	EXP 	Instr2Text: autoDraw = False
12.2093 	EXP 	Instr3Text: autoDraw = True
12.2098 	EXP 	window1: blendMode = 'avg'
12.2262 	EXP 	window1: blendMode = 'avg'
12.2427 	EXP 	window1: blendMode = 'avg'
12.2590 	EXP 	window1: blendMode = 'avg'
12.2757 	EXP 	window1: blendMode = 'avg'
12.2922 	EXP 	window1: blendMode = 'avg'
12.3097 	EXP 	window1: blendMode = 'avg'
12.3260 	EXP 	window1: blendMode = 'avg'
12.3423 	EXP 	window1: blendMode = 'avg'
12.3590 	EXP 	window1: blendMode = 'avg'
12.3759 	EXP 	window1: blendMode = 'avg'
12.3923 	EXP 	window1: blendMode = 'avg'
12.4094 	EXP 	window1: blendMode = 'avg'
12.4258 	EXP 	window1: blendMode = 'avg'
12.4423 	EXP 	window1: blendMode = 'avg'
12.4590 	EXP 	window1: blendMode = 'avg'
12.4755 	EXP 	window1: blendMode = 'avg'
12.4924 	EXP 	window1: blendMode = 'avg'
12.5093 	EXP 	window1: blendMode = 'avg'
12.5257 	EXP 	window1: blendMode = 'avg'
12.5423 	EXP 	window1: blendMode = 'avg'
12.5589 	EXP 	window1: blendMode = 'avg'
12.5760 	EXP 	window1: blendMode = 'avg'
12.5920 	EXP 	window1: blendMode = 'avg'
12.6097 	EXP 	window1: blendMode = 'avg'
12.6269 	EXP 	window1: blendMode = 'avg'
12.6438 	EXP 	window1: blendMode = 'avg'
12.6610 	EXP 	window1: blendMode = 'avg'
12.6777 	EXP 	window1: blendMode = 'avg'
12.7056 	EXP 	window1: blendMode = 'avg'
12.7260 	EXP 	window1: blendMode = 'avg'
12.7424 	EXP 	window1: blendMode = 'avg'
12.7590 	EXP 	window1: blendMode = 'avg'
12.7755 	EXP 	window1: blendMode = 'avg'
12.7920 	EXP 	window1: blendMode = 'avg'
12.8094 	EXP 	window1: blendMode = 'avg'
12.8258 	EXP 	window1: blendMode = 'avg'
12.8423 	EXP 	window1: blendMode = 'avg'
12.8588 	EXP 	window1: blendMode = 'avg'
12.8758 	EXP 	window1: blendMode = 'avg'
12.8922 	EXP 	window1: blendMode = 'avg'
12.9095 	EXP 	window1: blendMode = 'avg'
12.9259 	EXP 	window1: blendMode = 'avg'
12.9423 	EXP 	window1: blendMode = 'avg'
12.9591 	EXP 	window1: blendMode = 'avg'
12.9756 	DATA 	Keypress: space
12.9821 	EXP 	Imported demo.xls as conditions, 2 conditions, 2 params
12.9824 	EXP 	Created sequence: sequential, trialTypes=2, nReps=1, seed=None
12.9828 	EXP 	New trial (rep=0, index=0): {'corrResp': 1, 'xpos': -0.25}
12.9978 	EXP 	window1: blendMode = 'avg'
12.9989 	EXP 	window1: blendMode = 'avg'
13.0118 	EXP 	Instr3Text: autoDraw = False
13.0118 	EXP 	Instr3Text: autoDraw = False
13.0118 	EXP 	stim: pos = array([-0.25,  0.  ])
13.0118 	EXP 	stim: image = 'TessImages/1.jpg'
13.0118 	EXP 	answerprompt: text = 'Press 1'
13.0118 	EXP 	Fixation: autoDraw = True
13.0118 	EXP 	stim: autoDraw = True
13.0118 	EXP 	answerprompt: autoDraw = True
13.0124 	EXP 	window1: blendMode = 'avg'
13.0127 	EXP 	window1: blendMode = 'avg'
13.0389 	EXP 	window1: blendMode = 'avg'
13.0392 	EXP 	window1: blendMode = 'avg'
13.0594 	EXP 	window1: blendMode = 'avg'
13.0597 	EXP 	window1: blendMode = 'avg'
13.0760 	EXP 	window1: blendMode = 'avg'
13.0763 	EXP 	window1: blendMode = 'avg'
13.0924 	EXP 	window1: blendMode = 'avg'
13.0928 	EXP 	window1: blendMode = 'avg'
13.1094 	EXP 	window1: blendMode = 'avg'
13.1096 	EXP 	window1: blendMode = 'avg'
13.1262 	EXP 	window1: blendMode = 'avg'
13.1265 	EXP 	window1: blendMode = 'avg'
13.1424 	EXP 	window1: blendMode = 'avg'
13.1427 	EXP 	window1: blendMode = 'avg'
13.1588 	EXP 	window1: blendMode = 'avg'
13.1591 	EXP 	window1: blendMode = 'avg'
13.1759 	EXP 	window1: blendMode = 'avg'
13.1762 	EXP 	window1: blendMode = 'avg'
13.1923 	EXP 	window1: blendMode = 'avg'
13.1926 	EXP 	window1: blendMode = 'avg'
13.2092 	EXP 	window1: blendMode = 'avg'
13.2095 	EXP 	window1: blendMode = 'avg'
13.2259 	EXP 	window1: blendMode = 'avg'
13.2262 	EXP 	window1: blendMode = 'avg'
13.2425 	EXP 	window1: blendMode = 'avg'
13.2430 	EXP 	window1: blendMode = 'avg'
13.2591 	EXP 	window1: blendMode = 'avg'
13.2594 	EXP 	window1: blendMode = 'avg'
13.2757 	EXP 	window1: blendMode = 'avg'
13.2760 	EXP 	window1: blendMode = 'avg'
13.2921 	EXP 	window1: blendMode = 'avg'
13.2924 	EXP 	window1: blendMode = 'avg'
13.3092 	EXP 	window1: blendMode = 'avg'
13.3095 	EXP 	window1: blendMode = 'avg'
13.3258 	EXP 	window1: blendMode = 'avg'
13.3260 	EXP 	window1: blendMode = 'avg'
13.3424 	EXP 	window1: blendMode = 'avg'
13.3427 	EXP 	window1: blendMode = 'avg'
13.3587 	EXP 	window1: blendMode = 'avg'
13.3589 	EXP 	window1: blendMode = 'avg'
13.3756 	EXP 	window1: blendMode = 'avg'
13.3759 	EXP 	window1: blendMode = 'avg'
13.3923 	EXP 	window1: blendMode = 'avg'
13.3925 	EXP 	window1: blendMode = 'avg'
13.4092 	EXP 	window1: blendMode = 'avg'
13.4094 	EXP 	window1: blendMode = 'avg'
13.4258 	EXP 	window1: blendMode = 'avg'
13.4261 	EXP 	window1: blendMode = 'avg'
13.4425 	EXP 	window1: blendMode = 'avg'
13.4429 	EXP 	window1: blendMode = 'avg'
13.4592 	EXP 	window1: blendMode = 'avg'
13.4595 	EXP 	window1: blendMode = 'avg'
13.4763 	EXP 	window1: blendMode = 'avg'
13.4766 	EXP 	window1: blendMode = 'avg'
13.4930 	EXP 	window1: blendMode = 'avg'
13.4932 	EXP 	window1: blendMode = 'avg'
13.5099 	EXP 	window1: blendMode = 'avg'
13.5102 	EXP 	window1: blendMode = 'avg'
13.5267 	EXP 	window1: blendMode = 'avg'
13.5270 	EXP 	window1: blendMode = 'avg'
13.5434 	EXP 	window1: blendMode = 'avg'
13.5438 	EXP 	window1: blendMode = 'avg'
13.5597 	EXP 	window1: blendMode = 'avg'
13.5599 	EXP 	window1: blendMode = 'avg'
13.5763 	EXP 	window1: blendMode = 'avg'
13.5765 	EXP 	window1: blendMode = 'avg'
13.5926 	EXP 	window1: blendMode = 'avg'
13.5928 	EXP 	window1: blendMode = 'avg'
13.6094 	EXP 	window1: blendMode = 'avg'
13.6097 	EXP 	window1: blendMode = 'avg'
13.6260 	EXP 	window1: blendMode = 'avg'
13.6263 	EXP 	window1: blendMode = 'avg'
13.6430 	EXP 	window1: blendMode = 'avg'
13.6432 	EXP 	window1: blendMode = 'avg'
13.6592 	EXP 	window1: blendMode = 'avg'
13.6594 	EXP 	window1: blendMode = 'avg'
13.6758 	EXP 	window1: blendMode = 'avg'
13.6760 	EXP 	window1: blendMode = 'avg'
13.6923 	EXP 	window1: blendMode = 'avg'
13.6926 	EXP 	window1: blendMode = 'avg'
13.7091 	EXP 	window1: blendMode = 'avg'
13.7093 	EXP 	window1: blendMode = 'avg'
13.7272 	EXP 	window1: blendMode = 'avg'
13.7275 	EXP 	window1: blendMode = 'avg'
13.7436 	EXP 	window1: blendMode = 'avg'
13.7439 	EXP 	window1: blendMode = 'avg'
13.7595 	EXP 	window1: blendMode = 'avg'
13.7598 	EXP 	window1: blendMode = 'avg'
13.7762 	EXP 	window1: blendMode = 'avg'
13.7765 	EXP 	window1: blendMode = 'avg'
13.7923 	EXP 	window1: blendMode = 'avg'
13.7926 	EXP 	window1: blendMode = 'avg'
13.8093 	EXP 	window1: blendMode = 'avg'
13.8096 	EXP 	window1: blendMode = 'avg'
13.8262 	EXP 	window1: blendMode = 'avg'
13.8265 	EXP 	window1: blendMode = 'avg'
13.8426 	EXP 	window1: blendMode = 'avg'
13.8429 	EXP 	window1: blendMode = 'avg'
13.8592 	EXP 	window1: blendMode = 'avg'
13.8595 	EXP 	window1: blendMode = 'avg'
13.8766 	EXP 	window1: blendMode = 'avg'
13.8771 	EXP 	window1: blendMode = 'avg'
13.8932 	EXP 	window1: blendMode = 'avg'
13.8934 	EXP 	window1: blendMode = 'avg'
13.9097 	EXP 	window1: blendMode = 'avg'
13.9100 	EXP 	window1: blendMode = 'avg'
13.9266 	DATA 	Keypress: 1
13.9274 	EXP 	New trial (rep=0, index=1): {'corrResp': 0, 'xpos': 0.25}
13.9397 	EXP 	window1: blendMode = 'avg'
13.9404 	EXP 	window1: blendMode = 'avg'
13.9526 	EXP 	Fixation: autoDraw = False
13.9526 	EXP 	stim: autoDraw = False
13.9526 	EXP 	answerprompt: autoDraw = False
13.9526 	EXP 	stim: pos = array([ 0.25,  0.  ])
13.9526 	EXP 	stim: image = 'TessImages/1.jpg'
13.9526 	EXP 	answerprompt: text = 'Press 0'
13.9526 	EXP 	Fixation: autoDraw = True
13.9526 	EXP 	stim: autoDraw = True
13.9526 	EXP 	answerprompt: autoDraw = True
13.9532 	EXP 	window1: blendMode = 'avg'
13.9536 	EXP 	window1: blendMode = 'avg'
13.9756 	EXP 	window1: blendMode = 'avg'
13.9758 	EXP 	window1: blendMode = 'avg'
13.9925 	EXP 	window1: blendMode = 'avg'
13.9928 	EXP 	window1: blendMode = 'avg'
14.0094 	EXP 	window1: blendMode = 'avg'
14.0097 	EXP 	window1: blendMode = 'avg'
14.0259 	EXP 	window1: blendMode = 'avg'
14.0261 	EXP 	window1: blendMode = 'avg'
14.0429 	EXP 	window1: blendMode = 'avg'
14.0432 	EXP 	window1: blendMode = 'avg'
14.0593 	EXP 	window1: blendMode = 'avg'
14.0596 	EXP 	window1: blendMode = 'avg'
14.0758 	EXP 	window1: blendMode = 'avg'
14.0761 	EXP 	window1: blendMode = 'avg'
14.0923 	EXP 	window1: blendMode = 'avg'
14.0926 	EXP 	window1: blendMode = 'avg'
14.1093 	EXP 	window1: blendMode = 'avg'
14.1095 	EXP 	window1: blendMode = 'avg'
14.1257 	EXP 	window1: blendMode = 'avg'
14.1259 	EXP 	window1: blendMode = 'avg'
14.1424 	EXP 	window1: blendMode = 'avg'
14.1427 	EXP 	window1: blendMode = 'avg'
14.1587 	EXP 	window1: blendMode = 'avg'
14.1589 	EXP 	window1: blendMode = 'avg'
14.1754 	EXP 	window1: blendMode = 'avg'
14.1757 	EXP 	window1: blendMode = 'avg'
14.1921 	EXP 	window1: blendMode = 'avg'
14.1924 	EXP 	window1: blendMode = 'avg'
14.2094 	EXP 	window1: blendMode = 'avg'
14.2097 	EXP 	window1: blendMode = 'avg'
14.2262 	EXP 	window1: blendMode = 'avg'
14.2265 	EXP 	window1: blendMode = 'avg'
14.2435 	EXP 	window1: blendMode = 'avg'
14.2439 	EXP 	window1: blendMode = 'avg'
14.2443 	DATA 	Keypress: 0
14.2606 	EXP 	window1: blendMode = 'avg'
14.2759 	EXP 	Fixation: autoDraw = False
14.2759 	EXP 	stim: autoDraw = False
14.2759 	EXP 	answerprompt: autoDraw = False
14.2759 	EXP 	text: autoDraw = True
14.2765 	EXP 	window1: blendMode = 'avg'
14.2930 	EXP 	window1: blendMode = 'avg'
14.3092 	EXP 	window1: blendMode = 'avg'
14.3257 	EXP 	window1: blendMode = 'avg'
14.3422 	EXP 	window1: blendMode = 'avg'
14.3590 	EXP 	window1: blendMode = 'avg'
14.3757 	EXP 	window1: blendMode = 'avg'
14.3921 	EXP 	window1: blendMode = 'avg'
14.4092 	EXP 	window1: blendMode = 'avg'
14.4257 	EXP 	window1: blendMode = 'avg'
14.4424 	EXP 	window1: blendMode = 'avg'
14.4586 	EXP 	window1: blendMode = 'avg'
14.4756 	EXP 	window1: blendMode = 'avg'
14.4923 	EXP 	window1: blendMode = 'avg'
14.5093 	EXP 	window1: blendMode = 'avg'
14.5258 	EXP 	window1: blendMode = 'avg'
14.5423 	EXP 	window1: blendMode = 'avg'
14.5590 	EXP 	window1: blendMode = 'avg'
14.5756 	EXP 	window1: blendMode = 'avg'
14.5921 	EXP 	window1: blendMode = 'avg'
14.6091 	EXP 	window1: blendMode = 'avg'
14.6256 	EXP 	window1: blendMode = 'avg'
14.6424 	EXP 	window1: blendMode = 'avg'
14.6589 	EXP 	window1: blendMode = 'avg'
14.6755 	EXP 	window1: blendMode = 'avg'
14.6921 	EXP 	window1: blendMode = 'avg'
14.7091 	EXP 	window1: blendMode = 'avg'
14.7273 	EXP 	window1: blendMode = 'avg'
14.7455 	EXP 	window1: blendMode = 'avg'
14.7638 	EXP 	window1: blendMode = 'avg'
14.7815 	EXP 	window1: blendMode = 'avg'
14.7987 	EXP 	window1: blendMode = 'avg'
14.8152 	EXP 	window1: blendMode = 'avg'
14.8383 	EXP 	window1: blendMode = 'avg'
14.8585 	EXP 	window1: blendMode = 'avg'
14.8761 	EXP 	window1: blendMode = 'avg'
14.8773 	DATA 	Keypress: space
14.8935 	EXP 	window1: blendMode = 'avg'
14.9217 	EXP 	text: autoDraw = False
14.9217 	EXP 	text: autoDraw = False
14.9217 	EXP 	Instr3Text: autoDraw = True
14.9225 	EXP 	window1: blendMode = 'avg'
14.9421 	EXP 	window1: blendMode = 'avg'
14.9591 	EXP 	window1: blendMode = 'avg'
14.9759 	EXP 	window1: blendMode = 'avg'
14.9922 	EXP 	window1: blendMode = 'avg'
15.0093 	EXP 	window1: blendMode = 'avg'
15.0256 	EXP 	window1: blendMode = 'avg'
15.0422 	EXP 	window1: blendMode = 'avg'
15.0589 	EXP 	window1: blendMode = 'avg'
15.0757 	EXP 	window1: blendMode = 'avg'
15.0923 	EXP 	window1: blendMode = 'avg'
15.1092 	EXP 	window1: blendMode = 'avg'
15.1256 	EXP 	window1: blendMode = 'avg'
15.1421 	EXP 	window1: blendMode = 'avg'
15.1590 	EXP 	window1: blendMode = 'avg'
15.1755 	EXP 	window1: blendMode = 'avg'
15.1920 	EXP 	window1: blendMode = 'avg'
15.2092 	EXP 	window1: blendMode = 'avg'
15.2257 	EXP 	window1: blendMode = 'avg'
15.2425 	EXP 	window1: blendMode = 'avg'
15.2588 	EXP 	window1: blendMode = 'avg'
15.2758 	EXP 	window1: blendMode = 'avg'
15.2920 	EXP 	window1: blendMode = 'avg'
15.3092 	EXP 	window1: blendMode = 'avg'
15.3256 	EXP 	window1: blendMode = 'avg'
15.3421 	EXP 	window1: blendMode = 'avg'
15.3589 	EXP 	window1: blendMode = 'avg'
15.3752 	EXP 	window1: blendMode = 'avg'
15.3919 	EXP 	window1: blendMode = 'avg'
15.4092 	EXP 	window1: blendMode = 'avg'
15.4257 	EXP 	window1: blendMode = 'avg'
15.4418 	EXP 	window1: blendMode = 'avg'
15.4589 	EXP 	window1: blendMode = 'avg'
15.4755 	DATA 	Keypress: space
15.4808 	EXP 	Imported demo.xls as conditions, 2 conditions, 2 params
15.4811 	EXP 	Created sequence: sequential, trialTypes=2, nReps=1, seed=None
15.4815 	EXP 	New trial (rep=0, index=0): {'corrResp': 0, 'xpos': -0.25}
15.4855 	EXP 	window1: blendMode = 'avg'
15.4866 	EXP 	window1: blendMode = 'avg'
15.4998 	EXP 	Instr3Text: autoDraw = False
15.4998 	EXP 	Instr3Text: autoDraw = False
15.4998 	EXP 	stim: pos = array([-0.25,  0.  ])
15.4998 	EXP 	stim: image = 'TessImages/2.jpg'
15.4998 	EXP 	answerprompt: text = 'Press 0'
15.4998 	EXP 	Fixation: autoDraw = True
15.4998 	EXP 	stim: autoDraw = True
15.4998 	EXP 	answerprompt: autoDraw = True
15.5005 	EXP 	window1: blendMode = 'avg'
15.5011 	EXP 	window1: blendMode = 'avg'
15.5179 	EXP 	window1: blendMode = 'avg'
15.5187 	EXP 	window1: blendMode = 'avg'
15.5388 	EXP 	window1: blendMode = 'avg'
15.5391 	EXP 	window1: blendMode = 'avg'
15.5591 	EXP 	window1: blendMode = 'avg'
15.5595 	EXP 	window1: blendMode = 'avg'
15.5758 	EXP 	window1: blendMode = 'avg'
15.5761 	EXP 	window1: blendMode = 'avg'
15.5925 	EXP 	window1: blendMode = 'avg'
15.5928 	EXP 	window1: blendMode = 'avg'
15.6090 	EXP 	window1: blendMode = 'avg'
15.6093 	EXP 	window1: blendMode = 'avg'
15.6256 	EXP 	window1: blendMode = 'avg'
15.6259 	EXP 	window1: blendMode = 'avg'
15.6421 	EXP 	window1: blendMode = 'avg'
15.6424 	EXP 	window1: blendMode = 'avg'
15.6595 	EXP 	window1: blendMode = 'avg'
15.6602 	EXP 	window1: blendMode = 'avg'
15.6765 	EXP 	window1: blendMode = 'avg'
15.6768 	EXP 	window1: blendMode = 'avg'
15.6928 	EXP 	window1: blendMode = 'avg'
15.6931 	EXP 	window1: blendMode = 'avg'
15.7095 	EXP 	window1: blendMode = 'avg'
15.7097 	EXP 	window1: blendMode = 'avg'
15.7271 	EXP 	window1: blendMode = 'avg'
15.7275 	EXP 	window1: blendMode = 'avg'
15.7446 	EXP 	window1: blendMode = 'avg'
15.7448 	EXP 	window1: blendMode = 'avg'
15.7604 	EXP 	window1: blendMode = 'avg'
15.7606 	EXP 	window1: blendMode = 'avg'
15.7887 	EXP 	window1: blendMode = 'avg'
15.7889 	EXP 	window1: blendMode = 'avg'
15.8099 	EXP 	window1: blendMode = 'avg'
15.8101 	EXP 	window1: blendMode = 'avg'
15.8265 	EXP 	window1: blendMode = 'avg'
15.8268 	EXP 	window1: blendMode = 'avg'
15.8430 	EXP 	window1: blendMode = 'avg'
15.8433 	EXP 	window1: blendMode = 'avg'
15.8587 	EXP 	window1: blendMode = 'avg'
15.8589 	EXP 	window1: blendMode = 'avg'
15.8755 	EXP 	window1: blendMode = 'avg'
15.8757 	EXP 	window1: blendMode = 'avg'
15.8918 	EXP 	window1: blendMode = 'avg'
15.8921 	EXP 	window1: blendMode = 'avg'
15.9095 	EXP 	window1: blendMode = 'avg'
15.9101 	EXP 	window1: blendMode = 'avg'
15.9272 	EXP 	window1: blendMode = 'avg'
15.9277 	EXP 	window1: blendMode = 'avg'
15.9450 	EXP 	window1: blendMode = 'avg'
15.9457 	EXP 	window1: blendMode = 'avg'
15.9622 	EXP 	window1: blendMode = 'avg'
15.9626 	EXP 	window1: blendMode = 'avg'
15.9885 	EXP 	window1: blendMode = 'avg'
15.9888 	EXP 	window1: blendMode = 'avg'
16.0091 	EXP 	window1: blendMode = 'avg'
16.0093 	EXP 	window1: blendMode = 'avg'
16.0258 	EXP 	window1: blendMode = 'avg'
16.0261 	EXP 	window1: blendMode = 'avg'
16.0424 	EXP 	window1: blendMode = 'avg'
16.0426 	EXP 	window1: blendMode = 'avg'
16.0591 	EXP 	window1: blendMode = 'avg'
16.0593 	EXP 	window1: blendMode = 'avg'
16.0756 	EXP 	window1: blendMode = 'avg'
16.0759 	EXP 	window1: blendMode = 'avg'
16.0921 	DATA 	Keypress: 0
16.0929 	EXP 	New trial (rep=0, index=1): {'corrResp': 1, 'xpos': 0.25}
16.1054 	EXP 	window1: blendMode = 'avg'
16.1061 	EXP 	window1: blendMode = 'avg'
16.1189 	EXP 	Fixation: autoDraw = False
16.1189 	EXP 	stim: autoDraw = False
16.1189 	EXP 	answerprompt: autoDraw = False
16.1189 	EXP 	stim: pos = array([ 0.25,  0.  ])
16.1189 	EXP 	stim: image = 'TessImages/2.jpg'
16.1189 	EXP 	answerprompt: text = 'Press 1'
16.1189 	EXP 	Fixation: autoDraw = True
16.1189 	EXP 	stim: autoDraw = True
16.1189 	EXP 	answerprompt: autoDraw = True
16.1195 	EXP 	window1: blendMode = 'avg'
16.1198 	EXP 	window1: blendMode = 'avg'
16.1421 	EXP 	window1: blendMode = 'avg'
16.1425 	EXP 	window1: blendMode = 'avg'
16.1588 	EXP 	window1: blendMode = 'avg'
16.1591 	EXP 	window1: blendMode = 'avg'
16.1756 	EXP 	window1: blendMode = 'avg'
16.1759 	EXP 	window1: blendMode = 'avg'
16.1926 	EXP 	window1: blendMode = 'avg'
16.1928 	EXP 	window1: blendMode = 'avg'
16.2093 	EXP 	window1: blendMode = 'avg'
16.2096 	EXP 	window1: blendMode = 'avg'
16.2263 	EXP 	window1: blendMode = 'avg'
16.2265 	EXP 	window1: blendMode = 'avg'
16.2431 	EXP 	window1: blendMode = 'avg'
16.2434 	EXP 	window1: blendMode = 'avg'
16.2596 	EXP 	window1: blendMode = 'avg'
16.2600 	EXP 	window1: blendMode = 'avg'
16.2766 	DATA 	Keypress: 1
16.2774 	EXP 	Created sequence: random, trialTypes=1, nReps=5, seed=None
16.2776 	EXP 	New trial (rep=0, index=0): None
16.2783 	EXP 	window1: blendMode = 'avg'
16.2936 	EXP 	Fixation: autoDraw = False
16.2936 	EXP 	stim: autoDraw = False
16.2936 	EXP 	answerprompt: autoDraw = False
16.2936 	EXP 	practiceinstr: autoDraw = True
16.2942 	EXP 	window1: blendMode = 'avg'
16.3221 	EXP 	window1: blendMode = 'avg'
16.3421 	EXP 	window1: blendMode = 'avg'
16.3592 	EXP 	window1: blendMode = 'avg'
16.3759 	EXP 	window1: blendMode = 'avg'
16.3926 	EXP 	window1: blendMode = 'avg'
16.4090 	EXP 	window1: blendMode = 'avg'
16.4256 	EXP 	window1: blendMode = 'avg'
16.4420 	EXP 	window1: blendMode = 'avg'
16.4585 	EXP 	window1: blendMode = 'avg'
16.4753 	EXP 	window1: blendMode = 'avg'
16.4922 	EXP 	window1: blendMode = 'avg'
16.5091 	EXP 	window1: blendMode = 'avg'
16.5256 	EXP 	window1: blendMode = 'avg'
16.5422 	EXP 	window1: blendMode = 'avg'
16.5598 	EXP 	window1: blendMode = 'avg'
16.5772 	EXP 	window1: blendMode = 'avg'
16.5944 	EXP 	window1: blendMode = 'avg'
16.6103 	EXP 	window1: blendMode = 'avg'
16.6264 	EXP 	window1: blendMode = 'avg'
16.6427 	EXP 	window1: blendMode = 'avg'
16.6587 	EXP 	window1: blendMode = 'avg'
16.6759 	EXP 	window1: blendMode = 'avg'
16.6921 	EXP 	window1: blendMode = 'avg'
16.7090 	EXP 	window1: blendMode = 'avg'
16.7268 	EXP 	window1: blendMode = 'avg'
16.7430 	EXP 	window1: blendMode = 'avg'
16.7588 	EXP 	window1: blendMode = 'avg'
16.7755 	EXP 	window1: blendMode = 'avg'
16.7919 	DATA 	Keypress: space
16.7973 	EXP 	Imported demo.xls as conditions, 8 conditions, 2 params
16.7977 	EXP 	Created sequence: random, trialTypes=8, nReps=1, seed=None
16.7980 	EXP 	New trial (rep=0, index=0): {'corrResp': 1, 'xpos': -0.25}
16.8025 	EXP 	window1: blendMode = 'avg'
16.8169 	EXP 	practiceinstr: autoDraw = False
16.8169 	EXP 	practiceinstr: autoDraw = False
16.8169 	EXP 	stimulus: pos = array([-0.25,  0.  ])
16.8169 	EXP 	stimulus: image = 'TessImages/1.jpg'
16.8169 	EXP 	Fixation2: autoDraw = True
16.8177 	EXP 	window1: blendMode = 'avg'
16.8387 	EXP 	window1: blendMode = 'avg'
16.8586 	EXP 	window1: blendMode = 'avg'
16.8754 	EXP 	window1: blendMode = 'avg'
16.8920 	EXP 	window1: blendMode = 'avg'
16.9091 	EXP 	window1: blendMode = 'avg'
16.9259 	EXP 	window1: blendMode = 'avg'
16.9422 	EXP 	window1: blendMode = 'avg'
16.9591 	EXP 	window1: blendMode = 'avg'
16.9753 	EXP 	window1: blendMode = 'avg'
16.9920 	EXP 	window1: blendMode = 'avg'
17.0091 	EXP 	window1: blendMode = 'avg'
17.0257 	EXP 	window1: blendMode = 'avg'
17.0421 	EXP 	window1: blendMode = 'avg'
17.0588 	EXP 	window1: blendMode = 'avg'
17.0754 	EXP 	window1: blendMode = 'avg'
17.0918 	EXP 	window1: blendMode = 'avg'
17.1090 	EXP 	window1: blendMode = 'avg'
17.1255 	EXP 	window1: blendMode = 'avg'
17.1422 	EXP 	window1: blendMode = 'avg'
17.1585 	EXP 	window1: blendMode = 'avg'
17.1753 	EXP 	window1: blendMode = 'avg'
17.1918 	EXP 	window1: blendMode = 'avg'
17.2089 	EXP 	window1: blendMode = 'avg'
17.2254 	EXP 	window1: blendMode = 'avg'
17.2422 	EXP 	window1: blendMode = 'avg'
17.2585 	EXP 	window1: blendMode = 'avg'
17.2755 	EXP 	window1: blendMode = 'avg'
17.2919 	EXP 	window1: blendMode = 'avg'
17.3091 	EXP 	window1: blendMode = 'avg'
17.3251 	EXP 	stimulus: autoDraw = True
17.3256 	EXP 	window1: blendMode = 'avg'
17.3418 	EXP 	window1: blendMode = 'avg'
17.3585 	EXP 	window1: blendMode = 'avg'
17.3755 	EXP 	window1: blendMode = 'avg'
17.3917 	EXP 	window1: blendMode = 'avg'
17.4090 	EXP 	window1: blendMode = 'avg'
17.4255 	EXP 	window1: blendMode = 'avg'
17.4419 	EXP 	window1: blendMode = 'avg'
17.4585 	EXP 	window1: blendMode = 'avg'
17.4753 	EXP 	window1: blendMode = 'avg'
17.4925 	EXP 	window1: blendMode = 'avg'
17.5091 	EXP 	window1: blendMode = 'avg'
17.5258 	EXP 	window1: blendMode = 'avg'
17.5420 	EXP 	window1: blendMode = 'avg'
17.5587 	EXP 	window1: blendMode = 'avg'
17.5754 	EXP 	window1: blendMode = 'avg'
17.5917 	EXP 	window1: blendMode = 'avg'
17.6089 	EXP 	window1: blendMode = 'avg'
17.6256 	EXP 	window1: blendMode = 'avg'
17.6418 	EXP 	window1: blendMode = 'avg'
17.6584 	EXP 	window1: blendMode = 'avg'
17.6753 	EXP 	window1: blendMode = 'avg'
17.6916 	EXP 	window1: blendMode = 'avg'
17.7090 	EXP 	window1: blendMode = 'avg'
17.7265 	EXP 	window1: blendMode = 'avg'
17.7434 	EXP 	window1: blendMode = 'avg'
17.7597 	EXP 	window1: blendMode = 'avg'
17.7761 	EXP 	window1: blendMode = 'avg'
17.7920 	EXP 	window1: blendMode = 'avg'
17.8092 	EXP 	window1: blendMode = 'avg'
17.8260 	EXP 	window1: blendMode = 'avg'
17.8433 	DATA 	Keypress: 1
17.8454 	EXP 	New trial (rep=0, index=1): {'corrResp': 0, 'xpos': 0.25}
17.8498 	EXP 	window1: blendMode = 'avg'
17.8666 	EXP 	Fixation2: autoDraw = False
17.8666 	EXP 	stimulus: autoDraw = False
17.8666 	EXP 	stimulus: pos = array([ 0.25,  0.  ])
17.8666 	EXP 	stimulus: image = 'TessImages/1.jpg'
17.8666 	EXP 	Fixation2: autoDraw = True
17.8674 	EXP 	window1: blendMode = 'avg'
17.8843 	EXP 	window1: blendMode = 'avg'
17.9053 	EXP 	window1: blendMode = 'avg'
17.9253 	EXP 	window1: blendMode = 'avg'
17.9420 	EXP 	window1: blendMode = 'avg'
17.9588 	EXP 	window1: blendMode = 'avg'
17.9754 	EXP 	window1: blendMode = 'avg'
17.9926 	EXP 	window1: blendMode = 'avg'
18.0102 	EXP 	window1: blendMode = 'avg'
18.0273 	EXP 	window1: blendMode = 'avg'
18.0442 	EXP 	window1: blendMode = 'avg'
18.0601 	EXP 	window1: blendMode = 'avg'
18.0760 	EXP 	window1: blendMode = 'avg'
18.0919 	EXP 	window1: blendMode = 'avg'
18.1089 	EXP 	window1: blendMode = 'avg'
18.1254 	EXP 	window1: blendMode = 'avg'
18.1417 	EXP 	window1: blendMode = 'avg'
18.1585 	EXP 	window1: blendMode = 'avg'
18.1752 	EXP 	window1: blendMode = 'avg'
18.1918 	EXP 	window1: blendMode = 'avg'
18.2089 	EXP 	window1: blendMode = 'avg'
18.2254 	EXP 	window1: blendMode = 'avg'
18.2421 	EXP 	window1: blendMode = 'avg'
18.2586 	EXP 	window1: blendMode = 'avg'
18.2754 	EXP 	window1: blendMode = 'avg'
18.2920 	EXP 	window1: blendMode = 'avg'
18.3091 	EXP 	window1: blendMode = 'avg'
18.3255 	EXP 	window1: blendMode = 'avg'
18.3419 	EXP 	window1: blendMode = 'avg'
18.3585 	EXP 	window1: blendMode = 'avg'
18.3747 	EXP 	stimulus: autoDraw = True
18.3752 	EXP 	window1: blendMode = 'avg'
18.3916 	EXP 	window1: blendMode = 'avg'
18.4088 	EXP 	window1: blendMode = 'avg'
18.4257 	EXP 	window1: blendMode = 'avg'
18.4421 	EXP 	window1: blendMode = 'avg'
18.4584 	EXP 	window1: blendMode = 'avg'
18.4751 	EXP 	window1: blendMode = 'avg'
18.4920 	EXP 	window1: blendMode = 'avg'
18.5091 	EXP 	window1: blendMode = 'avg'
18.5269 	EXP 	window1: blendMode = 'avg'
18.5444 	EXP 	window1: blendMode = 'avg'
18.5605 	EXP 	window1: blendMode = 'avg'
18.5770 	EXP 	window1: blendMode = 'avg'
18.5938 	EXP 	window1: blendMode = 'avg'
18.6100 	EXP 	window1: blendMode = 'avg'
18.6260 	EXP 	window1: blendMode = 'avg'
18.6423 	EXP 	window1: blendMode = 'avg'
18.6586 	EXP 	window1: blendMode = 'avg'
18.6751 	EXP 	window1: blendMode = 'avg'
18.6920 	EXP 	window1: blendMode = 'avg'
18.7087 	EXP 	window1: blendMode = 'avg'
18.7260 	EXP 	window1: blendMode = 'avg'
18.7423 	EXP 	window1: blendMode = 'avg'
18.7585 	DATA 	Keypress: 0
18.7593 	EXP 	New trial (rep=0, index=2): {'corrResp': 1, 'xpos': 0.25}
18.7625 	EXP 	window1: blendMode = 'avg'
18.7777 	EXP 	Fixation2: autoDraw = False
18.7777 	EXP 	stimulus: autoDraw = False
18.7777 	EXP 	stimulus: pos = array([ 0.25,  0.  ])
18.7777 	EXP 	stimulus: image = 'TessImages/2.jpg'
18.7777 	EXP 	Fixation2: autoDraw = True
18.7782 	EXP 	window1: blendMode = 'avg'
18.8055 	EXP 	window1: blendMode = 'avg'
18.8261 	EXP 	window1: blendMode = 'avg'
18.8422 	EXP 	window1: blendMode = 'avg'
18.8582 	EXP 	window1: blendMode = 'avg'
18.8751 	EXP 	window1: blendMode = 'avg'
18.8916 	EXP 	window1: blendMode = 'avg'
18.9089 	EXP 	window1: blendMode = 'avg'
18.9252 	EXP 	window1: blendMode = 'avg'
18.9417 	EXP 	window1: blendMode = 'avg'
18.9583 	EXP 	window1: blendMode = 'avg'
18.9750 	EXP 	window1: blendMode = 'avg'
18.9918 	EXP 	window1: blendMode = 'avg'
19.0089 	EXP 	window1: blendMode = 'avg'
19.0252 	EXP 	window1: blendMode = 'avg'
19.0419 	EXP 	window1: blendMode = 'avg'
19.0586 	EXP 	window1: blendMode = 'avg'
19.0753 	EXP 	window1: blendMode = 'avg'
19.0919 	EXP 	window1: blendMode = 'avg'
19.1090 	EXP 	window1: blendMode = 'avg'
19.1253 	EXP 	window1: blendMode = 'avg'
19.1417 	EXP 	window1: blendMode = 'avg'
19.1584 	EXP 	window1: blendMode = 'avg'
19.1750 	EXP 	window1: blendMode = 'avg'
19.1915 	EXP 	window1: blendMode = 'avg'
19.2090 	EXP 	window1: blendMode = 'avg'
19.2249 	EXP 	window1: blendMode = 'avg'
19.2419 	EXP 	window1: blendMode = 'avg'
19.2585 	EXP 	window1: blendMode = 'avg'
19.2751 	EXP 	window1: blendMode = 'avg'
19.2911 	EXP 	stimulus: autoDraw = True
19.2917 	EXP 	window1: blendMode = 'avg'
19.3087 	EXP 	window1: blendMode = 'avg'
19.3251 	EXP 	window1: blendMode = 'avg'
19.3418 	EXP 	window1: blendMode = 'avg'
19.3582 	EXP 	window1: blendMode = 'avg'
19.3750 	EXP 	window1: blendMode = 'avg'
19.3917 	EXP 	window1: blendMode = 'avg'
19.4088 	EXP 	window1: blendMode = 'avg'
19.4250 	EXP 	window1: blendMode = 'avg'
19.4418 	EXP 	window1: blendMode = 'avg'
19.4583 	EXP 	window1: blendMode = 'avg'
19.4749 	EXP 	window1: blendMode = 'avg'
19.4919 	EXP 	window1: blendMode = 'avg'
19.5085 	EXP 	window1: blendMode = 'avg'
19.5251 	EXP 	window1: blendMode = 'avg'
19.5420 	EXP 	window1: blendMode = 'avg'
19.5586 	EXP 	window1: blendMode = 'avg'
19.5750 	EXP 	window1: blendMode = 'avg'
19.5917 	EXP 	window1: blendMode = 'avg'
19.6087 	EXP 	window1: blendMode = 'avg'
19.6251 	EXP 	window1: blendMode = 'avg'
19.6416 	EXP 	window1: blendMode = 'avg'
19.6584 	EXP 	window1: blendMode = 'avg'
19.6750 	EXP 	window1: blendMode = 'avg'
19.6916 	EXP 	window1: blendMode = 'avg'
19.7090 	EXP 	window1: blendMode = 'avg'
19.7267 	EXP 	window1: blendMode = 'avg'
19.7433 	EXP 	window1: blendMode = 'avg'
19.7593 	EXP 	window1: blendMode = 'avg'
19.7755 	EXP 	window1: blendMode = 'avg'
19.7916 	EXP 	window1: blendMode = 'avg'
19.8085 	EXP 	window1: blendMode = 'avg'
19.8250 	EXP 	window1: blendMode = 'avg'
19.8415 	DATA 	Keypress: 1
19.8423 	EXP 	New trial (rep=0, index=3): {'corrResp': 1, 'xpos': 0.25}
19.8448 	EXP 	window1: blendMode = 'avg'
19.8601 	EXP 	Fixation2: autoDraw = False
19.8601 	EXP 	stimulus: autoDraw = False
19.8601 	EXP 	stimulus: pos = array([ 0.25,  0.  ])
19.8601 	EXP 	stimulus: image = 'TessImages/2.jpg'
19.8601 	EXP 	Fixation2: autoDraw = True
19.8607 	EXP 	window1: blendMode = 'avg'
19.8761 	EXP 	window1: blendMode = 'avg'
19.8916 	EXP 	window1: blendMode = 'avg'
19.9087 	EXP 	window1: blendMode = 'avg'
19.9249 	EXP 	window1: blendMode = 'avg'
19.9416 	EXP 	window1: blendMode = 'avg'
19.9583 	EXP 	window1: blendMode = 'avg'
19.9751 	EXP 	window1: blendMode = 'avg'
19.9915 	EXP 	window1: blendMode = 'avg'
20.0089 	EXP 	window1: blendMode = 'avg'
20.0251 	EXP 	window1: blendMode = 'avg'
20.0417 	EXP 	window1: blendMode = 'avg'
20.0584 	EXP 	window1: blendMode = 'avg'
20.0751 	EXP 	window1: blendMode = 'avg'
20.0914 	EXP 	window1: blendMode = 'avg'
20.1089 	EXP 	window1: blendMode = 'avg'
20.1249 	EXP 	window1: blendMode = 'avg'
20.1418 	EXP 	window1: blendMode = 'avg'
20.1584 	EXP 	window1: blendMode = 'avg'
20.1749 	EXP 	window1: blendMode = 'avg'
20.1915 	EXP 	window1: blendMode = 'avg'
20.2085 	EXP 	window1: blendMode = 'avg'
20.2248 	EXP 	window1: blendMode = 'avg'
20.2418 	EXP 	window1: blendMode = 'avg'
20.2582 	EXP 	window1: blendMode = 'avg'
20.2748 	EXP 	window1: blendMode = 'avg'
20.2916 	EXP 	window1: blendMode = 'avg'
20.3088 	EXP 	window1: blendMode = 'avg'
20.3251 	EXP 	window1: blendMode = 'avg'
20.3416 	EXP 	window1: blendMode = 'avg'
20.3582 	EXP 	window1: blendMode = 'avg'
20.3745 	EXP 	stimulus: autoDraw = True
20.3750 	EXP 	window1: blendMode = 'avg'
20.3914 	EXP 	window1: blendMode = 'avg'
20.4086 	EXP 	window1: blendMode = 'avg'
20.4249 	EXP 	window1: blendMode = 'avg'
20.4415 	EXP 	window1: blendMode = 'avg'
20.4583 	EXP 	window1: blendMode = 'avg'
20.4752 	EXP 	window1: blendMode = 'avg'
20.4916 	EXP 	window1: blendMode = 'avg'
20.5086 	EXP 	window1: blendMode = 'avg'
20.5252 	EXP 	window1: blendMode = 'avg'
20.5417 	EXP 	window1: blendMode = 'avg'
20.5583 	EXP 	window1: blendMode = 'avg'
20.5752 	EXP 	window1: blendMode = 'avg'
20.5915 	EXP 	window1: blendMode = 'avg'
20.6085 	EXP 	window1: blendMode = 'avg'
20.6249 	EXP 	window1: blendMode = 'avg'
20.6417 	EXP 	window1: blendMode = 'avg'
20.6584 	EXP 	window1: blendMode = 'avg'
20.6749 	EXP 	window1: blendMode = 'avg'
20.6914 	EXP 	window1: blendMode = 'avg'
20.7093 	EXP 	window1: blendMode = 'avg'
20.7272 	EXP 	window1: blendMode = 'avg'
20.7438 	EXP 	window1: blendMode = 'avg'
20.7601 	EXP 	window1: blendMode = 'avg'
20.7759 	DATA 	Keypress: 1
20.7766 	EXP 	New trial (rep=0, index=4): {'corrResp': 0, 'xpos': -0.25}
20.7790 	EXP 	window1: blendMode = 'avg'
20.7940 	EXP 	Fixation2: autoDraw = False
20.7940 	EXP 	stimulus: autoDraw = False
20.7940 	EXP 	stimulus: pos = array([-0.25,  0.  ])
20.7940 	EXP 	stimulus: image = 'TessImages/2.jpg'
20.7940 	EXP 	Fixation2: autoDraw = True
20.7946 	EXP 	window1: blendMode = 'avg'
20.8218 	EXP 	window1: blendMode = 'avg'
20.8416 	EXP 	window1: blendMode = 'avg'
20.8585 	EXP 	window1: blendMode = 'avg'
20.8748 	EXP 	window1: blendMode = 'avg'
20.8916 	EXP 	window1: blendMode = 'avg'
20.9095 	EXP 	window1: blendMode = 'avg'
20.9260 	EXP 	window1: blendMode = 'avg'
20.9432 	EXP 	window1: blendMode = 'avg'
20.9603 	EXP 	window1: blendMode = 'avg'
20.9776 	EXP 	window1: blendMode = 'avg'
20.9955 	EXP 	window1: blendMode = 'avg'
21.0129 	EXP 	window1: blendMode = 'avg'
21.0303 	EXP 	window1: blendMode = 'avg'
21.0477 	EXP 	window1: blendMode = 'avg'
21.0648 	EXP 	window1: blendMode = 'avg'
21.0820 	EXP 	window1: blendMode = 'avg'
21.1000 	EXP 	window1: blendMode = 'avg'
21.1194 	EXP 	window1: blendMode = 'avg'
21.1431 	EXP 	window1: blendMode = 'avg'
21.1607 	EXP 	window1: blendMode = 'avg'
21.1789 	EXP 	window1: blendMode = 'avg'
21.1970 	EXP 	window1: blendMode = 'avg'
21.2148 	EXP 	window1: blendMode = 'avg'
21.2324 	EXP 	window1: blendMode = 'avg'
21.2497 	EXP 	window1: blendMode = 'avg'
21.2682 	EXP 	window1: blendMode = 'avg'
21.2924 	EXP 	window1: blendMode = 'avg'
21.3092 	EXP 	stimulus: autoDraw = True
21.3100 	EXP 	window1: blendMode = 'avg'
21.3271 	EXP 	window1: blendMode = 'avg'
21.3436 	EXP 	window1: blendMode = 'avg'
21.3603 	EXP 	window1: blendMode = 'avg'
21.3789 	EXP 	window1: blendMode = 'avg'
21.3973 	EXP 	window1: blendMode = 'avg'
21.4162 	EXP 	window1: blendMode = 'avg'
21.4358 	EXP 	window1: blendMode = 'avg'
21.4588 	EXP 	window1: blendMode = 'avg'
21.4761 	EXP 	window1: blendMode = 'avg'
21.4936 	EXP 	window1: blendMode = 'avg'
21.5112 	EXP 	window1: blendMode = 'avg'
21.5287 	EXP 	window1: blendMode = 'avg'
21.5457 	EXP 	window1: blendMode = 'avg'
21.5627 	EXP 	window1: blendMode = 'avg'
21.5794 	EXP 	window1: blendMode = 'avg'
21.6047 	EXP 	window1: blendMode = 'avg'
21.6261 	EXP 	window1: blendMode = 'avg'
21.6443 	EXP 	window1: blendMode = 'avg'
21.6618 	EXP 	window1: blendMode = 'avg'
21.6790 	EXP 	window1: blendMode = 'avg'
21.6965 	EXP 	window1: blendMode = 'avg'
21.7140 	EXP 	window1: blendMode = 'avg'
21.7326 	DATA 	Keypress: 1
21.7342 	EXP 	New trial (rep=0, index=5): {'corrResp': 0, 'xpos': -0.25}
21.7409 	EXP 	window1: blendMode = 'avg'
21.7555 	EXP 	Fixation2: autoDraw = False
21.7555 	EXP 	stimulus: autoDraw = False
21.7555 	EXP 	stimulus: pos = array([-0.25,  0.  ])
21.7555 	EXP 	stimulus: image = 'TessImages/2.jpg'
21.7555 	EXP 	Fixation2: autoDraw = True
21.7564 	EXP 	window1: blendMode = 'avg'
21.7764 	EXP 	window1: blendMode = 'avg'
21.7946 	EXP 	window1: blendMode = 'avg'
21.8125 	EXP 	window1: blendMode = 'avg'
21.8306 	EXP 	window1: blendMode = 'avg'
21.8493 	EXP 	window1: blendMode = 'avg'
21.8683 	EXP 	window1: blendMode = 'avg'
21.8923 	EXP 	window1: blendMode = 'avg'
21.9095 	EXP 	window1: blendMode = 'avg'
21.9265 	EXP 	window1: blendMode = 'avg'
21.9434 	EXP 	window1: blendMode = 'avg'
21.9722 	EXP 	window1: blendMode = 'avg'
21.9923 	EXP 	window1: blendMode = 'avg'
22.0100 	EXP 	window1: blendMode = 'avg'
22.0274 	EXP 	window1: blendMode = 'avg'
22.0443 	EXP 	window1: blendMode = 'avg'
22.0614 	EXP 	window1: blendMode = 'avg'
22.0784 	EXP 	window1: blendMode = 'avg'
22.0955 	EXP 	window1: blendMode = 'avg'
22.1131 	EXP 	window1: blendMode = 'avg'
22.1302 	EXP 	window1: blendMode = 'avg'
22.1472 	EXP 	window1: blendMode = 'avg'
22.1643 	EXP 	window1: blendMode = 'avg'
22.1818 	EXP 	window1: blendMode = 'avg'
22.1988 	EXP 	window1: blendMode = 'avg'
22.2161 	EXP 	window1: blendMode = 'avg'
22.2337 	EXP 	window1: blendMode = 'avg'
22.2515 	EXP 	window1: blendMode = 'avg'
22.2748 	EXP 	stimulus: autoDraw = True
22.2757 	EXP 	window1: blendMode = 'avg'
22.2930 	EXP 	window1: blendMode = 'avg'
22.3106 	EXP 	window1: blendMode = 'avg'
22.3278 	EXP 	window1: blendMode = 'avg'
22.3449 	EXP 	window1: blendMode = 'avg'
22.3624 	EXP 	window1: blendMode = 'avg'
22.3794 	EXP 	window1: blendMode = 'avg'
22.3967 	EXP 	window1: blendMode = 'avg'
22.4142 	EXP 	window1: blendMode = 'avg'
22.4316 	EXP 	window1: blendMode = 'avg'
22.4494 	EXP 	window1: blendMode = 'avg'
22.4725 	EXP 	window1: blendMode = 'avg'
22.4925 	EXP 	window1: blendMode = 'avg'
22.5101 	EXP 	window1: blendMode = 'avg'
22.5277 	EXP 	window1: blendMode = 'avg'
22.5446 	EXP 	window1: blendMode = 'avg'
22.5619 	EXP 	window1: blendMode = 'avg'
22.5792 	EXP 	window1: blendMode = 'avg'
22.5963 	EXP 	window1: blendMode = 'avg'
22.6137 	EXP 	window1: blendMode = 'avg'
22.6308 	EXP 	window1: blendMode = 'avg'
22.6483 	EXP 	window1: blendMode = 'avg'
22.6654 	EXP 	window1: blendMode = 'avg'
22.6826 	EXP 	window1: blendMode = 'avg'
22.6995 	EXP 	window1: blendMode = 'avg'
22.7177 	EXP 	window1: blendMode = 'avg'
22.7425 	EXP 	window1: blendMode = 'avg'
22.7598 	EXP 	window1: blendMode = 'avg'
22.7769 	EXP 	window1: blendMode = 'avg'
22.7941 	EXP 	window1: blendMode = 'avg'
22.8114 	EXP 	window1: blendMode = 'avg'
22.8286 	EXP 	window1: blendMode = 'avg'
22.8457 	DATA 	Keypress: 0
22.8468 	EXP 	New trial (rep=0, index=6): {'corrResp': 1, 'xpos': -0.25}
22.8505 	EXP 	window1: blendMode = 'avg'
22.8671 	EXP 	Fixation2: autoDraw = False
22.8671 	EXP 	stimulus: autoDraw = False
22.8671 	EXP 	stimulus: pos = array([-0.25,  0.  ])
22.8671 	EXP 	stimulus: image = 'TessImages/1.jpg'
22.8671 	EXP 	Fixation2: autoDraw = True
22.8681 	EXP 	window1: blendMode = 'avg'
22.8926 	EXP 	window1: blendMode = 'avg'
22.9101 	EXP 	window1: blendMode = 'avg'
22.9271 	EXP 	window1: blendMode = 'avg'
22.9441 	EXP 	window1: blendMode = 'avg'
22.9615 	EXP 	window1: blendMode = 'avg'
22.9781 	EXP 	window1: blendMode = 'avg'
22.9951 	EXP 	window1: blendMode = 'avg'
23.0124 	EXP 	window1: blendMode = 'avg'
23.0293 	EXP 	window1: blendMode = 'avg'
23.0462 	EXP 	window1: blendMode = 'avg'
23.0639 	EXP 	window1: blendMode = 'avg'
23.0815 	EXP 	window1: blendMode = 'avg'
23.0994 	EXP 	window1: blendMode = 'avg'
23.1188 	EXP 	window1: blendMode = 'avg'
23.1421 	EXP 	window1: blendMode = 'avg'
23.1595 	EXP 	window1: blendMode = 'avg'
23.1767 	EXP 	window1: blendMode = 'avg'
23.1936 	EXP 	window1: blendMode = 'avg'
23.2222 	EXP 	window1: blendMode = 'avg'
23.2422 	EXP 	window1: blendMode = 'avg'
23.2597 	EXP 	window1: blendMode = 'avg'
23.2769 	EXP 	window1: blendMode = 'avg'
23.2940 	EXP 	window1: blendMode = 'avg'
23.3114 	EXP 	window1: blendMode = 'avg'
23.3283 	EXP 	window1: blendMode = 'avg'
23.3451 	EXP 	window1: blendMode = 'avg'
23.3718 	EXP 	window1: blendMode = 'avg'
23.3913 	EXP 	stimulus: autoDraw = True
23.3921 	EXP 	window1: blendMode = 'avg'
23.4094 	EXP 	window1: blendMode = 'avg'
23.4269 	EXP 	window1: blendMode = 'avg'
23.4450 	EXP 	window1: blendMode = 'avg'
23.4627 	EXP 	window1: blendMode = 'avg'
23.4800 	EXP 	window1: blendMode = 'avg'
23.4971 	EXP 	window1: blendMode = 'avg'
23.5146 	EXP 	window1: blendMode = 'avg'
23.5329 	EXP 	window1: blendMode = 'avg'
23.5522 	EXP 	window1: blendMode = 'avg'
23.5753 	EXP 	window1: blendMode = 'avg'
23.5925 	EXP 	window1: blendMode = 'avg'
23.6100 	EXP 	window1: blendMode = 'avg'
23.6271 	EXP 	window1: blendMode = 'avg'
23.6443 	EXP 	window1: blendMode = 'avg'
23.6614 	EXP 	window1: blendMode = 'avg'
23.6786 	EXP 	window1: blendMode = 'avg'
23.6955 	EXP 	window1: blendMode = 'avg'
23.7130 	EXP 	window1: blendMode = 'avg'
23.7309 	EXP 	window1: blendMode = 'avg'
23.7494 	EXP 	window1: blendMode = 'avg'
23.7690 	EXP 	window1: blendMode = 'avg'
23.7923 	EXP 	window1: blendMode = 'avg'
23.8096 	EXP 	window1: blendMode = 'avg'
23.8269 	EXP 	window1: blendMode = 'avg'
23.8439 	DATA 	Keypress: 1
23.8451 	EXP 	New trial (rep=0, index=7): {'corrResp': 0, 'xpos': 0.25}
23.8484 	EXP 	window1: blendMode = 'avg'
23.8647 	EXP 	Fixation2: autoDraw = False
23.8647 	EXP 	stimulus: autoDraw = False
23.8647 	EXP 	stimulus: pos = array([ 0.25,  0.  ])
23.8647 	EXP 	stimulus: image = 'TessImages/1.jpg'
23.8647 	EXP 	Fixation2: autoDraw = True
23.8654 	EXP 	window1: blendMode = 'avg'
23.8834 	EXP 	window1: blendMode = 'avg'
23.9007 	EXP 	window1: blendMode = 'avg'
23.9255 	EXP 	window1: blendMode = 'avg'
23.9430 	EXP 	window1: blendMode = 'avg'
23.9603 	EXP 	window1: blendMode = 'avg'
23.9771 	EXP 	window1: blendMode = 'avg'
23.9940 	EXP 	window1: blendMode = 'avg'
24.0114 	EXP 	window1: blendMode = 'avg'
24.0285 	EXP 	window1: blendMode = 'avg'
24.0455 	EXP 	window1: blendMode = 'avg'
24.0626 	EXP 	window1: blendMode = 'avg'
24.0796 	EXP 	window1: blendMode = 'avg'
24.0968 	EXP 	window1: blendMode = 'avg'
24.1146 	EXP 	window1: blendMode = 'avg'
24.1319 	EXP 	window1: blendMode = 'avg'
24.1490 	EXP 	window1: blendMode = 'avg'
24.1668 	EXP 	window1: blendMode = 'avg'
24.1840 	EXP 	window1: blendMode = 'avg'
24.2011 	EXP 	window1: blendMode = 'avg'
24.2256 	EXP 	window1: blendMode = 'avg'
24.2429 	EXP 	window1: blendMode = 'avg'
24.2603 	EXP 	window1: blendMode = 'avg'
24.2774 	EXP 	window1: blendMode = 'avg'
24.2942 	EXP 	window1: blendMode = 'avg'
24.3115 	EXP 	window1: blendMode = 'avg'
24.3303 	EXP 	window1: blendMode = 'avg'
24.3566 	EXP 	window1: blendMode = 'avg'
24.3758 	EXP 	stimulus: autoDraw = True
24.3767 	EXP 	window1: blendMode = 'avg'
24.3952 	EXP 	window1: blendMode = 'avg'
24.4135 	EXP 	window1: blendMode = 'avg'
24.4313 	EXP 	window1: blendMode = 'avg'
24.4491 	EXP 	window1: blendMode = 'avg'
24.4668 	EXP 	window1: blendMode = 'avg'
24.4852 	EXP 	window1: blendMode = 'avg'
24.5091 	EXP 	window1: blendMode = 'avg'
24.5266 	EXP 	window1: blendMode = 'avg'
24.5438 	EXP 	window1: blendMode = 'avg'
24.5613 	EXP 	window1: blendMode = 'avg'
24.5786 	EXP 	window1: blendMode = 'avg'
24.5962 	EXP 	window1: blendMode = 'avg'
24.6141 	EXP 	window1: blendMode = 'avg'
24.6316 	EXP 	window1: blendMode = 'avg'
24.6506 	EXP 	window1: blendMode = 'avg'
24.6679 	EXP 	window1: blendMode = 'avg'
24.6916 	EXP 	window1: blendMode = 'avg'
24.7090 	EXP 	window1: blendMode = 'avg'
24.7271 	EXP 	window1: blendMode = 'avg'
24.7438 	EXP 	window1: blendMode = 'avg'
24.7606 	EXP 	window1: blendMode = 'avg'
24.7775 	EXP 	window1: blendMode = 'avg'
24.7946 	EXP 	window1: blendMode = 'avg'
24.8121 	EXP 	window1: blendMode = 'avg'
24.8291 	EXP 	window1: blendMode = 'avg'
24.8463 	EXP 	window1: blendMode = 'avg'
24.8633 	DATA 	Keypress: 0
24.9143 	EXP 	window1: blendMode = 'avg'
24.9276 	EXP 	Fixation2: autoDraw = False
24.9276 	EXP 	stimulus: autoDraw = False
24.9276 	EXP 	feedbacktext: text = 'You got 7 correct. \n\nPress Space to Continue'
24.9276 	EXP 	feedbacktext: autoDraw = True
24.9284 	EXP 	window1: blendMode = 'avg'
24.9554 	EXP 	window1: blendMode = 'avg'
24.9751 	EXP 	window1: blendMode = 'avg'
24.9920 	EXP 	window1: blendMode = 'avg'
25.0096 	EXP 	window1: blendMode = 'avg'
25.0266 	EXP 	window1: blendMode = 'avg'
25.0433 	EXP 	window1: blendMode = 'avg'
25.0605 	EXP 	window1: blendMode = 'avg'
25.0775 	EXP 	window1: blendMode = 'avg'
25.0942 	EXP 	window1: blendMode = 'avg'
25.1112 	EXP 	window1: blendMode = 'avg'
25.1282 	EXP 	window1: blendMode = 'avg'
25.1452 	EXP 	window1: blendMode = 'avg'
25.1622 	EXP 	window1: blendMode = 'avg'
25.1792 	EXP 	window1: blendMode = 'avg'
25.2052 	EXP 	window1: blendMode = 'avg'
25.2251 	EXP 	window1: blendMode = 'avg'
25.2422 	EXP 	window1: blendMode = 'avg'
25.2594 	EXP 	window1: blendMode = 'avg'
25.2766 	EXP 	window1: blendMode = 'avg'
25.2934 	EXP 	window1: blendMode = 'avg'
25.3107 	EXP 	window1: blendMode = 'avg'
25.3273 	EXP 	window1: blendMode = 'avg'
25.3445 	EXP 	window1: blendMode = 'avg'
25.3615 	EXP 	window1: blendMode = 'avg'
25.3882 	EXP 	window1: blendMode = 'avg'
25.4088 	EXP 	window1: blendMode = 'avg'
25.4261 	EXP 	window1: blendMode = 'avg'
25.4434 	EXP 	window1: blendMode = 'avg'
25.4601 	EXP 	window1: blendMode = 'avg'
25.4777 	EXP 	window1: blendMode = 'avg'
25.4951 	EXP 	window1: blendMode = 'avg'
25.5123 	EXP 	window1: blendMode = 'avg'
25.5296 	EXP 	window1: blendMode = 'avg'
25.5473 	EXP 	window1: blendMode = 'avg'
25.5650 	EXP 	window1: blendMode = 'avg'
25.5829 	EXP 	window1: blendMode = 'avg'
25.6011 	EXP 	window1: blendMode = 'avg'
25.6255 	EXP 	window1: blendMode = 'avg'
25.6428 	EXP 	window1: blendMode = 'avg'
25.6600 	EXP 	window1: blendMode = 'avg'
25.6770 	EXP 	window1: blendMode = 'avg'
25.6941 	EXP 	window1: blendMode = 'avg'
25.7111 	EXP 	window1: blendMode = 'avg'
25.7291 	DATA 	Keypress: space
25.7305 	EXP 	window1: blendMode = 'avg'
25.7478 	EXP 	feedbacktext: autoDraw = False
25.7478 	EXP 	feedbacktext: autoDraw = False
25.7478 	EXP 	text_2: autoDraw = True
25.7487 	EXP 	window1: blendMode = 'avg'
25.7665 	EXP 	window1: blendMode = 'avg'
25.7840 	EXP 	window1: blendMode = 'avg'
25.8090 	EXP 	window1: blendMode = 'avg'
25.8262 	EXP 	window1: blendMode = 'avg'
25.8437 	EXP 	window1: blendMode = 'avg'
25.8607 	EXP 	window1: blendMode = 'avg'
25.8775 	EXP 	window1: blendMode = 'avg'
25.9052 	EXP 	window1: blendMode = 'avg'
25.9254 	EXP 	window1: blendMode = 'avg'
25.9426 	EXP 	window1: blendMode = 'avg'
25.9597 	EXP 	window1: blendMode = 'avg'
25.9767 	EXP 	window1: blendMode = 'avg'
25.9936 	EXP 	window1: blendMode = 'avg'
26.0111 	EXP 	window1: blendMode = 'avg'
26.0284 	EXP 	window1: blendMode = 'avg'
26.0453 	EXP 	window1: blendMode = 'avg'
26.0626 	EXP 	window1: blendMode = 'avg'
26.0796 	EXP 	window1: blendMode = 'avg'
26.0967 	EXP 	window1: blendMode = 'avg'
26.1142 	EXP 	window1: blendMode = 'avg'
26.1312 	EXP 	window1: blendMode = 'avg'
26.1482 	EXP 	window1: blendMode = 'avg'
26.1658 	EXP 	window1: blendMode = 'avg'
26.1882 	EXP 	window1: blendMode = 'avg'
26.2088 	EXP 	window1: blendMode = 'avg'
26.2256 	EXP 	window1: blendMode = 'avg'
26.2426 	EXP 	window1: blendMode = 'avg'
26.2595 	EXP 	window1: blendMode = 'avg'
26.2765 	EXP 	window1: blendMode = 'avg'
26.2934 	EXP 	window1: blendMode = 'avg'
26.3105 	EXP 	window1: blendMode = 'avg'
26.3284 	EXP 	window1: blendMode = 'avg'
26.3466 	EXP 	window1: blendMode = 'avg'
26.3652 	EXP 	window1: blendMode = 'avg'
26.3833 	EXP 	window1: blendMode = 'avg'
26.4012 	EXP 	window1: blendMode = 'avg'
26.4253 	EXP 	window1: blendMode = 'avg'
26.4424 	EXP 	window1: blendMode = 'avg'
26.4596 	EXP 	window1: blendMode = 'avg'
26.4766 	DATA 	Keypress: space
26.4879 	EXP 	Imported Problems.xls as conditions, 3 conditions, 2 params
26.4883 	EXP 	Created sequence: random, trialTypes=3, nReps=1, seed=None
26.4888 	EXP 	New trial (rep=0, index=0): {'ProblemHigh': u'Imagine that you accidentally drop a classmate\u2019s iPhone and shatter the screen. After they take the phone into the Apple Store they tell you the cost to replace the phone will be $599. Are there ways in which you would be able to come up with the money on a very short notice?  How would you go about doing this? Would you have to go to a third-party to come up with the money? What consequences would this financial burden have on you?', 'ProblemLow': u'Imagine that you accidentally drop a classmate\u2019s iPhone and shatter the screen. After they take the phone into the Apple Store they tell you the cost of the screen will be $100. Are there ways in which you would be able to come up with the money on a very short notice? How would you go about doing this? Would you have to go to a third-party to come up with the money? What consequences would this financial burden have on you?'}
26.8917 	EXP 	window1: blendMode = 'avg'
26.9043 	EXP 	text_2: autoDraw = False
26.9043 	EXP 	text_2: autoDraw = False
26.9043 	EXP 	text_4: text = u'Imagine that you accidentally drop a classmate\u2019s iPhone and shatter the screen. After they take the phone into the Apple Store they tell you the cost to replace the phone will be $599. Are there ways in which you would be able to come up with the money on a very short notice?  How would you go about doing this? Would you have to go to a third-party to come up with the money? What consequences would this financial burden have on you?\n\nPress space when you are done reading'
26.9043 	EXP 	text_4: autoDraw = True
26.9049 	EXP 	window1: blendMode = 'avg'
26.9245 	EXP 	window1: blendMode = 'avg'
26.9417 	EXP 	window1: blendMode = 'avg'
26.9588 	EXP 	window1: blendMode = 'avg'
26.9755 	EXP 	window1: blendMode = 'avg'
26.9926 	EXP 	window1: blendMode = 'avg'
27.0100 	EXP 	window1: blendMode = 'avg'
27.0267 	EXP 	window1: blendMode = 'avg'
27.0434 	EXP 	window1: blendMode = 'avg'
27.0602 	EXP 	window1: blendMode = 'avg'
27.0771 	EXP 	window1: blendMode = 'avg'
27.0935 	EXP 	window1: blendMode = 'avg'
27.1220 	EXP 	window1: blendMode = 'avg'
27.1417 	EXP 	window1: blendMode = 'avg'
27.1587 	EXP 	window1: blendMode = 'avg'
27.1759 	EXP 	window1: blendMode = 'avg'
27.1932 	EXP 	window1: blendMode = 'avg'
27.2216 	EXP 	window1: blendMode = 'avg'
27.2415 	EXP 	window1: blendMode = 'avg'
27.2588 	EXP 	window1: blendMode = 'avg'
27.2760 	EXP 	window1: blendMode = 'avg'
27.2928 	EXP 	window1: blendMode = 'avg'
27.3101 	EXP 	window1: blendMode = 'avg'
27.3269 	EXP 	window1: blendMode = 'avg'
27.3439 	DATA 	Keypress: space
27.3448 	EXP 	window1: blendMode = 'avg'
27.3611 	EXP 	text_4: autoDraw = False
27.3611 	EXP 	text_4: autoDraw = False
27.3611 	EXP 	text_3: autoDraw = True
27.3616 	EXP 	window1: blendMode = 'avg'
27.3784 	EXP 	window1: blendMode = 'avg'
27.3951 	EXP 	window1: blendMode = 'avg'
27.4215 	EXP 	window1: blendMode = 'avg'
27.4426 	EXP 	window1: blendMode = 'avg'
27.4590 	EXP 	window1: blendMode = 'avg'
27.4763 	EXP 	window1: blendMode = 'avg'
27.4937 	EXP 	window1: blendMode = 'avg'
27.5111 	EXP 	window1: blendMode = 'avg'
27.5288 	EXP 	window1: blendMode = 'avg'
27.5467 	EXP 	window1: blendMode = 'avg'
27.5638 	EXP 	window1: blendMode = 'avg'
27.5881 	EXP 	window1: blendMode = 'avg'
27.6085 	EXP 	window1: blendMode = 'avg'
27.6255 	EXP 	window1: blendMode = 'avg'
27.6428 	EXP 	window1: blendMode = 'avg'
27.6599 	EXP 	window1: blendMode = 'avg'
27.6767 	EXP 	window1: blendMode = 'avg'
27.6933 	EXP 	window1: blendMode = 'avg'
27.7218 	EXP 	window1: blendMode = 'avg'
27.7417 	EXP 	window1: blendMode = 'avg'
27.7591 	EXP 	window1: blendMode = 'avg'
27.7758 	EXP 	window1: blendMode = 'avg'
27.7931 	EXP 	window1: blendMode = 'avg'
27.8103 	EXP 	window1: blendMode = 'avg'
27.8275 	EXP 	window1: blendMode = 'avg'
27.8446 	EXP 	window1: blendMode = 'avg'
27.8620 	EXP 	window1: blendMode = 'avg'
27.8793 	EXP 	window1: blendMode = 'avg'
27.8961 	EXP 	window1: blendMode = 'avg'
27.9134 	EXP 	window1: blendMode = 'avg'
27.9309 	EXP 	window1: blendMode = 'avg'
27.9478 	EXP 	window1: blendMode = 'avg'
27.9649 	EXP 	window1: blendMode = 'avg'
27.9823 	EXP 	window1: blendMode = 'avg'
28.0048 	EXP 	window1: blendMode = 'avg'
28.0250 	EXP 	window1: blendMode = 'avg'
28.0422 	EXP 	window1: blendMode = 'avg'
28.0589 	EXP 	window1: blendMode = 'avg'
28.0762 	EXP 	window1: blendMode = 'avg'
28.0929 	EXP 	window1: blendMode = 'avg'
28.1102 	EXP 	window1: blendMode = 'avg'
28.1270 	EXP 	window1: blendMode = 'avg'
28.1438 	EXP 	window1: blendMode = 'avg'
28.1606 	EXP 	window1: blendMode = 'avg'
28.1881 	EXP 	window1: blendMode = 'avg'
28.2085 	EXP 	window1: blendMode = 'avg'
28.2254 	EXP 	window1: blendMode = 'avg'
28.2424 	EXP 	window1: blendMode = 'avg'
28.2594 	EXP 	window1: blendMode = 'avg'
28.2760 	EXP 	window1: blendMode = 'avg'
28.2928 	EXP 	window1: blendMode = 'avg'
28.3097 	EXP 	window1: blendMode = 'avg'
28.3266 	EXP 	window1: blendMode = 'avg'
28.3433 	EXP 	window1: blendMode = 'avg'
28.3600 	EXP 	window1: blendMode = 'avg'
28.3883 	EXP 	window1: blendMode = 'avg'
28.4085 	EXP 	window1: blendMode = 'avg'
28.4256 	EXP 	window1: blendMode = 'avg'
28.4427 	EXP 	window1: blendMode = 'avg'
28.4595 	DATA 	Keypress: space
28.4600 	EXP 	window1: blendMode = 'avg'
28.4767 	EXP 	window1: blendMode = 'avg'
28.4944 	EXP 	window1: blendMode = 'avg'
28.5119 	EXP 	window1: blendMode = 'avg'
28.5289 	EXP 	window1: blendMode = 'avg'
28.5458 	EXP 	window1: blendMode = 'avg'
28.5632 	EXP 	window1: blendMode = 'avg'
28.5799 	EXP 	window1: blendMode = 'avg'
28.5968 	EXP 	window1: blendMode = 'avg'
28.6137 	EXP 	window1: blendMode = 'avg'
28.6310 	EXP 	window1: blendMode = 'avg'
28.6481 	EXP 	window1: blendMode = 'avg'
28.6656 	EXP 	window1: blendMode = 'avg'
28.6883 	EXP 	window1: blendMode = 'avg'
28.7083 	EXP 	window1: blendMode = 'avg'
28.7262 	EXP 	window1: blendMode = 'avg'
28.7432 	EXP 	window1: blendMode = 'avg'
28.7601 	EXP 	window1: blendMode = 'avg'
28.7880 	EXP 	window1: blendMode = 'avg'
28.8082 	EXP 	window1: blendMode = 'avg'
28.8254 	EXP 	window1: blendMode = 'avg'
28.8428 	EXP 	window1: blendMode = 'avg'
28.8598 	EXP 	window1: blendMode = 'avg'
28.8762 	EXP 	window1: blendMode = 'avg'
28.9048 	EXP 	window1: blendMode = 'avg'
28.9248 	EXP 	window1: blendMode = 'avg'
28.9419 	EXP 	window1: blendMode = 'avg'
28.9588 	EXP 	window1: blendMode = 'avg'
28.9753 	EXP 	window1: blendMode = 'avg'
28.9922 	EXP 	window1: blendMode = 'avg'
29.0093 	EXP 	window1: blendMode = 'avg'
29.0261 	EXP 	window1: blendMode = 'avg'
29.0425 	EXP 	window1: blendMode = 'avg'
29.0592 	EXP 	window1: blendMode = 'avg'
29.0761 	EXP 	window1: blendMode = 'avg'
29.0926 	EXP 	window1: blendMode = 'avg'
29.1095 	EXP 	window1: blendMode = 'avg'
29.1262 	EXP 	window1: blendMode = 'avg'
29.1427 	EXP 	window1: blendMode = 'avg'
29.1595 	EXP 	window1: blendMode = 'avg'
29.1762 	EXP 	window1: blendMode = 'avg'
29.1928 	EXP 	window1: blendMode = 'avg'
29.2212 	EXP 	window1: blendMode = 'avg'
29.2415 	EXP 	window1: blendMode = 'avg'
29.2587 	EXP 	window1: blendMode = 'avg'
29.2756 	EXP 	window1: blendMode = 'avg'
29.2925 	EXP 	window1: blendMode = 'avg'
29.3093 	EXP 	window1: blendMode = 'avg'
29.3262 	EXP 	window1: blendMode = 'avg'
29.3495 	EXP 	Imported demo.xls as conditions, 8 conditions, 2 params
29.3501 	EXP 	Created sequence: random, trialTypes=8, nReps=1, seed=None
29.3512 	EXP 	New trial (rep=0, index=0): {'corrResp': 1, 'xpos': -0.25}
29.3565 	EXP 	window1: blendMode = 'avg'
29.3694 	EXP 	text_3: autoDraw = False
29.3694 	EXP 	text_3: autoDraw = False
29.3694 	EXP 	stimulus: pos = array([-0.25,  0.  ])
29.3694 	EXP 	stimulus: image = 'TessImages/1.jpg'
29.3694 	EXP 	Fixation2: autoDraw = True
29.3701 	EXP 	window1: blendMode = 'avg'
29.3916 	EXP 	window1: blendMode = 'avg'
29.4087 	EXP 	window1: blendMode = 'avg'
29.4258 	EXP 	window1: blendMode = 'avg'
29.4429 	EXP 	window1: blendMode = 'avg'
29.4597 	EXP 	window1: blendMode = 'avg'
29.4763 	EXP 	window1: blendMode = 'avg'
29.4937 	EXP 	window1: blendMode = 'avg'
29.5109 	EXP 	window1: blendMode = 'avg'
29.5282 	EXP 	window1: blendMode = 'avg'
29.5460 	EXP 	window1: blendMode = 'avg'
29.5627 	EXP 	window1: blendMode = 'avg'
29.5797 	EXP 	window1: blendMode = 'avg'
29.5965 	EXP 	window1: blendMode = 'avg'
29.6134 	EXP 	window1: blendMode = 'avg'
29.6302 	EXP 	window1: blendMode = 'avg'
29.6474 	EXP 	window1: blendMode = 'avg'
29.6646 	EXP 	window1: blendMode = 'avg'
29.6812 	EXP 	window1: blendMode = 'avg'
29.7053 	EXP 	window1: blendMode = 'avg'
29.7256 	EXP 	window1: blendMode = 'avg'
29.7440 	EXP 	window1: blendMode = 'avg'
29.7616 	EXP 	window1: blendMode = 'avg'
29.7785 	EXP 	window1: blendMode = 'avg'
29.7955 	EXP 	window1: blendMode = 'avg'
29.8128 	EXP 	window1: blendMode = 'avg'
29.8386 	EXP 	window1: blendMode = 'avg'
29.8586 	EXP 	window1: blendMode = 'avg'
29.8754 	EXP 	stimulus: autoDraw = True
29.8761 	EXP 	window1: blendMode = 'avg'
29.8930 	EXP 	window1: blendMode = 'avg'
29.9100 	EXP 	window1: blendMode = 'avg'
29.9268 	EXP 	window1: blendMode = 'avg'
29.9441 	EXP 	window1: blendMode = 'avg'
29.9610 	EXP 	window1: blendMode = 'avg'
29.9774 	EXP 	window1: blendMode = 'avg'
30.0054 	EXP 	window1: blendMode = 'avg'
30.0249 	EXP 	window1: blendMode = 'avg'
30.0426 	EXP 	window1: blendMode = 'avg'
30.0599 	EXP 	window1: blendMode = 'avg'
30.0768 	EXP 	window1: blendMode = 'avg'
30.0938 	EXP 	window1: blendMode = 'avg'
30.1110 	EXP 	window1: blendMode = 'avg'
30.1281 	EXP 	window1: blendMode = 'avg'
30.1452 	EXP 	window1: blendMode = 'avg'
30.1621 	EXP 	window1: blendMode = 'avg'
30.1796 	EXP 	window1: blendMode = 'avg'
30.1966 	EXP 	window1: blendMode = 'avg'
30.2143 	EXP 	window1: blendMode = 'avg'
30.2318 	EXP 	window1: blendMode = 'avg'
30.2502 	EXP 	window1: blendMode = 'avg'
30.2672 	EXP 	window1: blendMode = 'avg'
30.2915 	EXP 	window1: blendMode = 'avg'
30.3093 	EXP 	window1: blendMode = 'avg'
30.3266 	EXP 	window1: blendMode = 'avg'
30.3422 	EXP 	window1: blendMode = 'avg'
30.3579 	EXP 	window1: blendMode = 'avg'
30.3740 	EXP 	window1: blendMode = 'avg'
30.3905 	EXP 	window1: blendMode = 'avg'
30.4078 	EXP 	window1: blendMode = 'avg'
30.4242 	EXP 	window1: blendMode = 'avg'
30.4409 	EXP 	window1: blendMode = 'avg'
30.4576 	EXP 	window1: blendMode = 'avg'
30.4741 	EXP 	window1: blendMode = 'avg'
30.4910 	EXP 	window1: blendMode = 'avg'
30.5081 	DATA 	Keypress: escape
